Sun, 09/01/1996 17:17:51.06 
 Fault #216 Runtime error at 333743 in 1, WAW stack:
0,1,0,0,0,0,0,0,0,0,0,0,0,0,0,0,0,0,0,0,0,0,0,0,0,0,0,0,0,0,0,0
Mon, 09/09/1996 12:08:19.16 
 Fault #216 Runtime error at 793438 in 0, WAW stack:
0,0,0,0,0,0,0,0,0,0,0,0,0,0,0,0,0,0,0,0,0,0,0,0,0,0,0,0,0,0,0,0
Mon, 09/09/1996 12:30:48.90 
 Fault #216 Runtime error at 401153 in 0, WAW stack:
0,0,0,0,0,0,0,0,0,0,0,0,0,0,0,0,0,0,0,0,0,0,0,0,0,0,0,0,0,0,0,0
Mon, 09/02/1996 08:43:34.30 
 Fault #216 Runtime error at 76619 in 0, WAW stack:
0,0,0,0,0,0,0,0,0,0,0,0,0,0,0,0,0,0,0,0,0,0,0,0,0,0,0,0,0,0,0,0
Mon, 09/02/1996 10:29:48.24 
 Fault #216 Runtime error at 793055 in 0, WAW stack:
0,0,0,0,0,0,0,0,0,0,0,0,0,0,0,0,0,0,0,0,0,0,0,0,0,0,0,0,0,0,0,0
Sun, 09/01/1996 04:16:34.95 
 Fault #216 Runtime error at 76619 in 0, WAW stack:
0,0,0,0,0,0,0,0,0,0,0,0,0,0,0,0,0,0,0,0,0,0,0,0,0,0,0,0,0,0,0,0
Thu, 09/03/1996 06:09:58.57 
 Fault #216 Runtime error at 853206 in 0, WAW stack:
0,0,0,0,0,0,0,0,0,0,0,0,0,0,0,0,0,0,0,0,0,0,0,0,0,0,0,0,0,0,0,0
Thr, 09/05/1996 13:37:35.38 
 Fault #216 Runtime error at 867927 in 0, WAW stack:
0,0,0,0,0,0,0,0,0,0,0,0,0,0,0,0,0,0,0,0,0,0,0,0,0,0,0,0,0,0,0,0
Wed, 09/04/1996 15:56:31.31 
 Fault #216 Runtime error at 793055 in 0, WAW stack:
0,0,0,0,0,0,0,0,0,0,0,0,0,0,0,0,0,0,0,0,0,0,0,0,0,0,0,0,0,0,0,0
Thr, 09/05/1996 03:15:25.93 
 Fault #216 Runtime error at 793055 in 0, WAW stack:
0,0,0,0,0,0,0,0,0,0,0,0,0,0,0,0,0,0,0,0,0,0,0,0,0,0,0,0,0,0,0,0
